{"name":"searchForSomething","id":"tests.GoogleTests:searchForSomething","testCaseName":"tests.GoogleTests","testSteps":[{"number":1,"description":"Navigate to page","duration":4014,"startTime":"2020-05-01T19:34:40.556636+02:00[Europe/Madrid]","screenshots":[{"screenshot":"9a56fb409f54e6c49157fbe36d6438958f6babf071188a9e071db9cd062ef456.png","timeStamp":1588354480835},{"screenshot":"49ea9201727a087f33d9f07804e7130f9eaaaa386725d5c49fe9132aa80883a6.png","timeStamp":1588354484570}],"result":"SUCCESS","precondition":false,"level":0},{"number":2,"description":"Search on amazon: Samsung Note 10+","duration":22561,"startTime":"2020-05-01T19:34:44.581255+02:00[Europe/Madrid]","screenshots":[{"screenshot":"0ae64dd0b25faf67ff51bb67bcc1f661b6f8ca0deae8cdc6773b4485167f7706.png","htmlSource":"pagesource3856242020671962270.html.txt","timeStamp":1588354507126}],"exception":{"errorType":"net.thucydides.core.webdriver.exceptions.ElementShouldBeEnabledException","message":"Expected enabled element was not enabled","stackTrace":[{"classLoaderName":"app","declaringClass":"pages.GooglePage","methodName":"clickInScreenSize","fileName":"GooglePage.java","lineNumber":100,"format":1},{"classLoaderName":"app","declaringClass":"steps.GoogleSteps","methodName":"searchOnAmazon","fileName":"GoogleSteps.java","lineNumber":22,"format":1},{"classLoaderName":"app","declaringClass":"tests.GoogleTests","methodName":"searchForSomething","fileName":"GoogleTests.java","lineNumber":36,"format":1},{"classLoaderName":"app","declaringClass":"org.eclipse.jdt.internal.junit4.runner.JUnit4TestReference","methodName":"run","fileName":"JUnit4TestReference.java","lineNumber":89,"format":1},{"classLoaderName":"app","declaringClass":"org.eclipse.jdt.internal.junit.runner.TestExecution","methodName":"run","fileName":"TestExecution.java","lineNumber":41,"format":1},{"classLoaderName":"app","declaringClass":"org.eclipse.jdt.internal.junit.runner.RemoteTestRunner","methodName":"runTests","fileName":"RemoteTestRunner.java","lineNumber":542,"format":1},{"classLoaderName":"app","declaringClass":"org.eclipse.jdt.internal.junit.runner.RemoteTestRunner","methodName":"runTests","fileName":"RemoteTestRunner.java","lineNumber":770,"format":1},{"classLoaderName":"app","declaringClass":"org.eclipse.jdt.internal.junit.runner.RemoteTestRunner","methodName":"run","fileName":"RemoteTestRunner.java","lineNumber":464,"format":1},{"classLoaderName":"app","declaringClass":"org.eclipse.jdt.internal.junit.runner.RemoteTestRunner","methodName":"main","fileName":"RemoteTestRunner.java","lineNumber":210,"format":1}],"rootCause":{"errorType":"org.openqa.selenium.TimeoutException","message":"Expected condition failed: waiting for GooglePage.screenSizeCheckBox to be enabled (tried for 5 second(s) with 100 milliseconds interval)","stackTrace":[{"classLoaderName":"app","declaringClass":"pages.GooglePage","methodName":"clickInScreenSize","fileName":"GooglePage.java","lineNumber":100,"format":1},{"classLoaderName":"app","declaringClass":"steps.GoogleSteps","methodName":"searchOnAmazon","fileName":"GoogleSteps.java","lineNumber":22,"format":1},{"classLoaderName":"app","declaringClass":"tests.GoogleTests","methodName":"searchForSomething","fileName":"GoogleTests.java","lineNumber":36,"format":1},{"classLoaderName":"app","declaringClass":"org.eclipse.jdt.internal.junit4.runner.JUnit4TestReference","methodName":"run","fileName":"JUnit4TestReference.java","lineNumber":89,"format":1},{"classLoaderName":"app","declaringClass":"org.eclipse.jdt.internal.junit.runner.TestExecution","methodName":"run","fileName":"TestExecution.java","lineNumber":41,"format":1},{"classLoaderName":"app","declaringClass":"org.eclipse.jdt.internal.junit.runner.RemoteTestRunner","methodName":"runTests","fileName":"RemoteTestRunner.java","lineNumber":542,"format":1},{"classLoaderName":"app","declaringClass":"org.eclipse.jdt.internal.junit.runner.RemoteTestRunner","methodName":"runTests","fileName":"RemoteTestRunner.java","lineNumber":770,"format":1},{"classLoaderName":"app","declaringClass":"org.eclipse.jdt.internal.junit.runner.RemoteTestRunner","methodName":"run","fileName":"RemoteTestRunner.java","lineNumber":464,"format":1},{"classLoaderName":"app","declaringClass":"org.eclipse.jdt.internal.junit.runner.RemoteTestRunner","methodName":"main","fileName":"RemoteTestRunner.java","lineNumber":210,"format":1}],"rootCause":{"errorType":"org.openqa.selenium.NoSuchElementException","message":"Timed out after 2 seconds. Element not found\nFor documentation on this error, please visit: https://www.seleniumhq.org/exceptions/no_such_element.html\nBuild info: version: \u00273.141.59\u0027, revision: \u0027e82be7d358\u0027, time: \u00272018-11-14T08:17:03\u0027\nSystem info: host: \u0027juanito\u0027, ip: \u0027127.0.1.1\u0027, os.name: \u0027Linux\u0027, os.arch: \u0027amd64\u0027, os.version: \u00275.3.0-46-generic\u0027, java.version: \u002711.0.7\u0027\nDriver info: driver.version: unknown","stackTrace":[{"classLoaderName":"app","declaringClass":"pages.GooglePage","methodName":"clickInScreenSize","fileName":"GooglePage.java","lineNumber":100,"format":1},{"classLoaderName":"app","declaringClass":"steps.GoogleSteps","methodName":"searchOnAmazon","fileName":"GoogleSteps.java","lineNumber":22,"format":1},{"classLoaderName":"app","declaringClass":"tests.GoogleTests","methodName":"searchForSomething","fileName":"GoogleTests.java","lineNumber":36,"format":1},{"classLoaderName":"app","declaringClass":"org.eclipse.jdt.internal.junit4.runner.JUnit4TestReference","methodName":"run","fileName":"JUnit4TestReference.java","lineNumber":89,"format":1},{"classLoaderName":"app","declaringClass":"org.eclipse.jdt.internal.junit.runner.TestExecution","methodName":"run","fileName":"TestExecution.java","lineNumber":41,"format":1},{"classLoaderName":"app","declaringClass":"org.eclipse.jdt.internal.junit.runner.RemoteTestRunner","methodName":"runTests","fileName":"RemoteTestRunner.java","lineNumber":542,"format":1},{"classLoaderName":"app","declaringClass":"org.eclipse.jdt.internal.junit.runner.RemoteTestRunner","methodName":"runTests","fileName":"RemoteTestRunner.java","lineNumber":770,"format":1},{"classLoaderName":"app","declaringClass":"org.eclipse.jdt.internal.junit.runner.RemoteTestRunner","methodName":"run","fileName":"RemoteTestRunner.java","lineNumber":464,"format":1},{"classLoaderName":"app","declaringClass":"org.eclipse.jdt.internal.junit.runner.RemoteTestRunner","methodName":"main","fileName":"RemoteTestRunner.java","lineNumber":210,"format":1}]}}},"result":"FAILURE","precondition":false,"level":0}],"userStory":{"id":"tests.GoogleTests","storyName":"Google tests","storyClassName":"tests.GoogleTests","path":"tests","type":"story"},"featureTag":{"name":"Tests/Google tests","type":"story","displayName":"Tests/Google tests"},"title":"Search for something","tags":[{"name":"Tests/Google tests","type":"story","displayName":"Tests/Google tests"}],"startTime":"2020-05-01T19:34:36.792973+02:00[Europe/Madrid]","duration":30536,"testFailureCause":{"errorType":"net.thucydides.core.webdriver.exceptions.ElementShouldBeEnabledException","message":"Expected enabled element was not enabled\nBuild info: version: \u00273.141.59\u0027, revision: \u0027e82be7d358\u0027, time: \u00272018-11-14T08:17:03\u0027\nSystem info: host: \u0027juanito\u0027, ip: \u0027127.0.1.1\u0027, os.name: \u0027Linux\u0027, os.arch: \u0027amd64\u0027, os.version: \u00275.3.0-46-generic\u0027, java.version: \u002711.0.7\u0027\nDriver info: driver.version: unknown","stackTrace":[{"classLoaderName":"app","declaringClass":"pages.GooglePage","methodName":"clickInScreenSize","fileName":"GooglePage.java","lineNumber":100,"format":1},{"classLoaderName":"app","declaringClass":"steps.GoogleSteps","methodName":"searchOnAmazon","fileName":"GoogleSteps.java","lineNumber":22,"format":1},{"classLoaderName":"app","declaringClass":"tests.GoogleTests","methodName":"searchForSomething","fileName":"GoogleTests.java","lineNumber":36,"format":1},{"classLoaderName":"app","declaringClass":"org.eclipse.jdt.internal.junit4.runner.JUnit4TestReference","methodName":"run","fileName":"JUnit4TestReference.java","lineNumber":89,"format":1},{"classLoaderName":"app","declaringClass":"org.eclipse.jdt.internal.junit.runner.TestExecution","methodName":"run","fileName":"TestExecution.java","lineNumber":41,"format":1},{"classLoaderName":"app","declaringClass":"org.eclipse.jdt.internal.junit.runner.RemoteTestRunner","methodName":"runTests","fileName":"RemoteTestRunner.java","lineNumber":542,"format":1},{"classLoaderName":"app","declaringClass":"org.eclipse.jdt.internal.junit.runner.RemoteTestRunner","methodName":"runTests","fileName":"RemoteTestRunner.java","lineNumber":770,"format":1},{"classLoaderName":"app","declaringClass":"org.eclipse.jdt.internal.junit.runner.RemoteTestRunner","methodName":"run","fileName":"RemoteTestRunner.java","lineNumber":464,"format":1},{"classLoaderName":"app","declaringClass":"org.eclipse.jdt.internal.junit.runner.RemoteTestRunner","methodName":"main","fileName":"RemoteTestRunner.java","lineNumber":210,"format":1}]},"testFailureClassname":"net.thucydides.core.webdriver.exceptions.ElementShouldBeEnabledException","testFailureMessage":"Expected enabled element was not enabled\nBuild info: version: \u00273.141.59\u0027, revision: \u0027e82be7d358\u0027, time: \u00272018-11-14T08:17:03\u0027\nSystem info: host: \u0027juanito\u0027, ip: \u0027127.0.1.1\u0027, os.name: \u0027Linux\u0027, os.arch: \u0027amd64\u0027, os.version: \u00275.3.0-46-generic\u0027, java.version: \u002711.0.7\u0027\nDriver info: driver.version: unknown","testFailureSummary":"FAILURE;net.thucydides.core.webdriver.exceptions.ElementShouldBeEnabledException;Expected enabled element was not enabled\nBuild info: version: \u00273.141.59\u0027, revision: \u0027e82be7d358\u0027, time: \u00272018-11-14T08:17:03\u0027\nSystem info: host: \u0027juanito\u0027, ip: \u0027127.0.1.1\u0027, os.name: \u0027Linux\u0027, os.arch: \u0027amd64\u0027, os.version: \u00275.3.0-46-generic\u0027, java.version: \u002711.0.7\u0027\nDriver info: driver.version: unknown;GooglePage.java","projectKey":"","annotatedResult":"FAILURE","driver":"","isManualTestingUpToDate":false,"manual":false,"testSource":"JUnit","result":"FAILURE"}